<?xml version="1.0" encoding="UTF-8"?>
<!-- Generated by org.testng.reporters.JUnitXMLReporter -->
<testsuite hostname="DeepakKumar-PC" ignored="8" name="Regression" tests="9" failures="2" timestamp="11 Aug 2017 08:38:51 GMT" time="208.916" errors="0">
  <testcase name="testLogin" time="7.918" classname="com.actiTime.testScripts.login.TestLoginFlow"/>
  <testcase name="testLogout" time="4.238" classname="com.actiTime.testScripts.login.TestLoginFlow"/>
  <testcase name="testLogin" time="3.39" classname="com.actiTime.testScripts.login.TestLoginwithInputFromPropertiesFile"/>
  <testcase name="testLogout" time="2.674" classname="com.actiTime.testScripts.login.TestLoginwithInputFromPropertiesFile">
    <failure type="java.lang.AssertionError" message="expected [true] but found [false]">
      <![CDATA[java.lang.AssertionError: expected [true] but found [false]
	at com.actiTime.testScripts.login.TestLoginwithInputFromPropertiesFile.testLogout(TestLoginwithInputFromPropertiesFile.java:37)
... Removed 29 stack frames]]>
    </failure>
  </testcase> <!-- testLogout -->
  <testcase name="testLoginWithParameterization" time="6.893" classname="com.actiTime.testScripts.login.TestLoginWithParameterization"/>
  <testcase name="testLoginWithParameterization" time="0.002" classname="com.actiTime.testScripts.login.TestLoginWithParameterization">
    <skipped/>
  </testcase> <!-- testLoginWithParameterization -->
  <testcase name="testLoginWithParameterization" time="6.524" classname="com.actiTime.testScripts.login.TestLoginWithParameterization"/>
  <testcase name="testOrderHistory" time="7.74" classname="com.actiTime.testScripts.placingOrders.TestOrderHistory"/>
  <testcase name="testUpdateAddress" time="24.409" classname="com.actiTime.testScripts.placingOrders.TestUpdateMyAddresses">
    <failure type="java.lang.AssertionError" message="expected [true] but found [false]">
      <![CDATA[java.lang.AssertionError: expected [true] but found [false]
	at com.actiTime.testScripts.placingOrders.TestUpdateMyAddresses.testUpdateAddress(TestUpdateMyAddresses.java:32)
... Removed 29 stack frames]]>
    </failure>
  </testcase> <!-- testUpdateAddress -->
  <testcase name="@AfterSuite closeReporting" time="0.0" classname="com.actiTime.testBase.TestBase">
    <ignored/>
  </testcase> <!-- @AfterSuite closeReporting -->
  <testcase name="@AfterSuite closeReporting" time="0.0" classname="com.actiTime.testBase.TestBase">
    <ignored/>
  </testcase> <!-- @AfterSuite closeReporting -->
  <testcase name="@AfterSuite closeReporting" time="0.0" classname="com.actiTime.testBase.TestBase">
    <ignored/>
  </testcase> <!-- @AfterSuite closeReporting -->
  <testcase name="@AfterSuite closeReporting" time="0.0" classname="com.actiTime.testBase.TestBase">
    <ignored/>
  </testcase> <!-- @AfterSuite closeReporting -->
  <testcase name="@BeforeSuite setUpReporting" time="0.0" classname="com.actiTime.testBase.TestBase">
    <ignored/>
  </testcase> <!-- @BeforeSuite setUpReporting -->
  <testcase name="@BeforeSuite setUpReporting" time="0.0" classname="com.actiTime.testBase.TestBase">
    <ignored/>
  </testcase> <!-- @BeforeSuite setUpReporting -->
  <testcase name="@BeforeSuite setUpReporting" time="0.0" classname="com.actiTime.testBase.TestBase">
    <ignored/>
  </testcase> <!-- @BeforeSuite setUpReporting -->
  <testcase name="@BeforeSuite setUpReporting" time="0.0" classname="com.actiTime.testBase.TestBase">
    <ignored/>
  </testcase> <!-- @BeforeSuite setUpReporting -->
</testsuite> <!-- Regression -->
