<?xml version="1.0" encoding="UTF-8"?>
<!-- Generated by org.testng.reporters.JUnitXMLReporter -->
<testsuite hostname="DeepakKumar-PC" ignored="8" name="Regression" tests="9" failures="2" timestamp="06 Aug 2017 07:38:26 GMT" time="186.533" errors="0">
  <testcase name="testLogin" time="8.643" classname="com.actiTime.testScripts.login.TestLoginFlow"/>
  <testcase name="testLogout" time="3.118" classname="com.actiTime.testScripts.login.TestLoginFlow"/>
  <testcase name="testLogin" time="5.734" classname="com.actiTime.testScripts.login.TestLoginwithInputFromPropertiesFile"/>
  <testcase name="testLogout" time="3.582" classname="com.actiTime.testScripts.login.TestLoginwithInputFromPropertiesFile">
    <failure type="java.lang.AssertionError" message="expected [true] but found [false]">
      <![CDATA[java.lang.AssertionError: expected [true] but found [false]
	at com.actiTime.testScripts.login.TestLoginwithInputFromPropertiesFile.testLogout(TestLoginwithInputFromPropertiesFile.java:37)
... Removed 32 stack frames]]>
    </failure>
  </testcase> <!-- testLogout -->
  <testcase name="testLoginWithParameterization" time="8.115" classname="com.actiTime.testScripts.login.TestLoginWithParameterization"/>
  <testcase name="testLoginWithParameterization" time="0.0" classname="com.actiTime.testScripts.login.TestLoginWithParameterization">
    <skipped/>
  </testcase> <!-- testLoginWithParameterization -->
  <testcase name="testLoginWithParameterization" time="7.062" classname="com.actiTime.testScripts.login.TestLoginWithParameterization"/>
  <testcase name="testOrderHistory" time="3.977" classname="com.actiTime.testScripts.placingOrders.TestOrderHistory"/>
  <testcase name="testUpdateAddress" time="12.264" classname="com.actiTime.testScripts.placingOrders.TestUpdateMyAddresses">
    <failure type="java.lang.AssertionError" message="expected [true] but found [false]">
      <![CDATA[java.lang.AssertionError: expected [true] but found [false]
	at com.actiTime.testScripts.placingOrders.TestUpdateMyAddresses.testUpdateAddress(TestUpdateMyAddresses.java:32)
... Removed 32 stack frames]]>
    </failure>
  </testcase> <!-- testUpdateAddress -->
  <testcase name="@AfterSuite closeReporting" time="0.0" classname="com.actiTime.testBase.TestBase">
    <ignored/>
  </testcase> <!-- @AfterSuite closeReporting -->
  <testcase name="@AfterSuite closeReporting" time="0.0" classname="com.actiTime.testBase.TestBase">
    <ignored/>
  </testcase> <!-- @AfterSuite closeReporting -->
  <testcase name="@AfterSuite closeReporting" time="0.0" classname="com.actiTime.testBase.TestBase">
    <ignored/>
  </testcase> <!-- @AfterSuite closeReporting -->
  <testcase name="@AfterSuite closeReporting" time="0.0" classname="com.actiTime.testBase.TestBase">
    <ignored/>
  </testcase> <!-- @AfterSuite closeReporting -->
  <testcase name="@BeforeSuite setUpReporting" time="0.0" classname="com.actiTime.testBase.TestBase">
    <ignored/>
  </testcase> <!-- @BeforeSuite setUpReporting -->
  <testcase name="@BeforeSuite setUpReporting" time="0.0" classname="com.actiTime.testBase.TestBase">
    <ignored/>
  </testcase> <!-- @BeforeSuite setUpReporting -->
  <testcase name="@BeforeSuite setUpReporting" time="0.0" classname="com.actiTime.testBase.TestBase">
    <ignored/>
  </testcase> <!-- @BeforeSuite setUpReporting -->
  <testcase name="@BeforeSuite setUpReporting" time="0.0" classname="com.actiTime.testBase.TestBase">
    <ignored/>
  </testcase> <!-- @BeforeSuite setUpReporting -->
</testsuite> <!-- Regression -->
