<html>
<head>
<title>TestNG:  Regression</title>
<link href="../testng.css" rel="stylesheet" type="text/css" />
<link href="../my-testng.css" rel="stylesheet" type="text/css" />

<style type="text/css">
.log { display: none;} 
.stack-trace { display: none;} 
</style>
<script type="text/javascript">
<!--
function flip(e) {
  current = e.style.display;
  if (current == 'block') {
    e.style.display = 'none';
    return 0;
  }
  else {
    e.style.display = 'block';
    return 1;
  }
}

function toggleBox(szDivId, elem, msg1, msg2)
{
  var res = -1;  if (document.getElementById) {
    res = flip(document.getElementById(szDivId));
  }
  else if (document.all) {
    // this is the way old msie versions work
    res = flip(document.all[szDivId]);
  }
  if(elem) {
    if(res == 0) elem.innerHTML = msg1; else elem.innerHTML = msg2;
  }

}

function toggleAllBoxes() {
  if (document.getElementsByTagName) {
    d = document.getElementsByTagName('div');
    for (i = 0; i < d.length; i++) {
      if (d[i].className == 'log') {
        flip(d[i]);
      }
    }
  }
}

// -->
</script>

</head>
<body>
<h2 align='center'>Regression</h2><table border='1' align="center">
<tr>
<td>Tests passed/Failed/Skipped:</td><td>6/2/1</td>
</tr><tr>
<td>Started on:</td><td>Sun Aug 06 13:05:20 IST 2017</td>
</tr>
<tr><td>Total time:</td><td>186 seconds (186533 ms)</td>
</tr><tr>
<td>Included groups:</td><td></td>
</tr><tr>
<td>Excluded groups:</td><td></td>
</tr>
</table><p/>
<small><i>(Hover the method name to see the test class name)</i></small><p/>
<table width='100%' border='1' class='invocation-failed'>
<tr><td colspan='4' align='center'><b>FAILED TESTS</b></td></tr>
<tr><td><b>Test method</b></td>
<td width="30%"><b>Exception</b></td>
<td width="10%"><b>Time (seconds)</b></td>
<td><b>Instance</b></td>
</tr>
<tr>
<td title='com.actiTime.testScripts.login.TestLoginwithInputFromPropertiesFile.testLogout()'><b>testLogout</b><br>Test class: com.actiTime.testScripts.login.TestLoginwithInputFromPropertiesFile<br/>
<a href="#Output-163385254" onClick='toggleBox("Output-163385254", this, "Show output", "Hide output");'>Show output</a>

<a href="#Output-163385254" onClick="toggleAllBoxes();">Show all outputs</a>
<div class='log' id="Output-163385254">
<a href="C:\Users\Deepak Kumar\Desktop\learnByBP\wrkspace\HybridFrameworkMaven.\test-output\screenshot\08-06-2017_13-07-06_testLogout.png"><img src="file:///C:\Users\Deepak Kumar\Desktop\learnByBP\wrkspace\HybridFrameworkMaven.\test-output\screenshot\08-06-2017_13-07-06_testLogout.png" alt="image not found" height='100' width='100'/></a></br><br/>
</div>
</td>
<td><div><pre>java.lang.AssertionError: expected [true] but found [false]
	at com.actiTime.testScripts.login.TestLoginwithInputFromPropertiesFile.testLogout(TestLoginwithInputFromPropertiesFile.java:37)
... Removed 32 stack frames</pre></div><a href='#' onClick='toggleBox("stack-trace163385254", this, "Click to show all stack frames", "Click to hide stack frames")'>Click to show all stack frames</a>
<div class='stack-trace' id='stack-trace163385254'><pre>java.lang.AssertionError: expected [true] but found [false]
	at org.testng.Assert.fail(Assert.java:93)
	at org.testng.Assert.failNotEquals(Assert.java:512)
	at org.testng.Assert.assertTrue(Assert.java:41)
	at org.testng.Assert.assertTrue(Assert.java:51)
	at com.actiTime.testScripts.login.TestLoginwithInputFromPropertiesFile.testLogout(TestLoginwithInputFromPropertiesFile.java:37)
	at sun.reflect.NativeMethodAccessorImpl.invoke0(Native Method)
	at sun.reflect.NativeMethodAccessorImpl.invoke(Unknown Source)
	at sun.reflect.DelegatingMethodAccessorImpl.invoke(Unknown Source)
	at java.lang.reflect.Method.invoke(Unknown Source)
	at org.testng.internal.MethodInvocationHelper.invokeMethod(MethodInvocationHelper.java:108)
	at org.testng.internal.Invoker.invokeMethod(Invoker.java:661)
	at org.testng.internal.Invoker.invokeTestMethod(Invoker.java:869)
	at org.testng.internal.Invoker.invokeTestMethods(Invoker.java:1193)
	at org.testng.internal.TestMethodWorker.invokeTestMethods(TestMethodWorker.java:126)
	at org.testng.internal.TestMethodWorker.run(TestMethodWorker.java:109)
	at org.testng.TestRunner.privateRun(TestRunner.java:744)
	at org.testng.TestRunner.run(TestRunner.java:602)
	at org.testng.SuiteRunner.runTest(SuiteRunner.java:380)
	at org.testng.SuiteRunner.runSequentially(SuiteRunner.java:375)
	at org.testng.SuiteRunner.privateRun(SuiteRunner.java:340)
	at org.testng.SuiteRunner.run(SuiteRunner.java:289)
	at org.testng.SuiteRunnerWorker.runSuite(SuiteRunnerWorker.java:52)
	at org.testng.SuiteRunnerWorker.run(SuiteRunnerWorker.java:86)
	at org.testng.TestNG.runSuitesSequentially(TestNG.java:1301)
	at org.testng.TestNG.runSuitesLocally(TestNG.java:1226)
	at org.testng.TestNG.runSuites(TestNG.java:1144)
	at org.testng.TestNG.run(TestNG.java:1115)
	at org.apache.maven.surefire.testng.TestNGExecutor.run(TestNGExecutor.java:283)
	at org.apache.maven.surefire.testng.TestNGXmlTestSuite.execute(TestNGXmlTestSuite.java:75)
	at org.apache.maven.surefire.testng.TestNGProvider.invoke(TestNGProvider.java:120)
	at org.apache.maven.surefire.booter.ForkedBooter.invokeProviderInSameClassLoader(ForkedBooter.java:386)
	at org.apache.maven.surefire.booter.ForkedBooter.runSuitesInProcess(ForkedBooter.java:323)
	at org.apache.maven.surefire.booter.ForkedBooter.main(ForkedBooter.java:143)
</pre></div></td>
<td>3</td>
<td>com.actiTime.testScripts.login.TestLoginwithInputFromPropertiesFile@649bec2e</td></tr>
<tr>
<td title='com.actiTime.testScripts.placingOrders.TestUpdateMyAddresses.testUpdateAddress()'><b>testUpdateAddress</b><br>Test class: com.actiTime.testScripts.placingOrders.TestUpdateMyAddresses<br/>
<a href="#Output-1548271808" onClick='toggleBox("Output-1548271808", this, "Show output", "Hide output");'>Show output</a>

<a href="#Output-1548271808" onClick="toggleAllBoxes();">Show all outputs</a>
<div class='log' id="Output-1548271808">
<a href="C:\Users\Deepak Kumar\Desktop\learnByBP\wrkspace\HybridFrameworkMaven.\test-output\screenshot\08-06-2017_13-08-26_testUpdateAddress.png"><img src="file:///C:\Users\Deepak Kumar\Desktop\learnByBP\wrkspace\HybridFrameworkMaven.\test-output\screenshot\08-06-2017_13-08-26_testUpdateAddress.png" alt="image not found" height='100' width='100'/></a></br><br/>
</div>
</td>
<td><div><pre>java.lang.AssertionError: expected [true] but found [false]
	at com.actiTime.testScripts.placingOrders.TestUpdateMyAddresses.testUpdateAddress(TestUpdateMyAddresses.java:32)
... Removed 32 stack frames</pre></div><a href='#' onClick='toggleBox("stack-trace1548271808", this, "Click to show all stack frames", "Click to hide stack frames")'>Click to show all stack frames</a>
<div class='stack-trace' id='stack-trace1548271808'><pre>java.lang.AssertionError: expected [true] but found [false]
	at org.testng.Assert.fail(Assert.java:93)
	at org.testng.Assert.failNotEquals(Assert.java:512)
	at org.testng.Assert.assertTrue(Assert.java:41)
	at org.testng.Assert.assertTrue(Assert.java:51)
	at com.actiTime.testScripts.placingOrders.TestUpdateMyAddresses.testUpdateAddress(TestUpdateMyAddresses.java:32)
	at sun.reflect.NativeMethodAccessorImpl.invoke0(Native Method)
	at sun.reflect.NativeMethodAccessorImpl.invoke(Unknown Source)
	at sun.reflect.DelegatingMethodAccessorImpl.invoke(Unknown Source)
	at java.lang.reflect.Method.invoke(Unknown Source)
	at org.testng.internal.MethodInvocationHelper.invokeMethod(MethodInvocationHelper.java:108)
	at org.testng.internal.Invoker.invokeMethod(Invoker.java:661)
	at org.testng.internal.Invoker.invokeTestMethod(Invoker.java:869)
	at org.testng.internal.Invoker.invokeTestMethods(Invoker.java:1193)
	at org.testng.internal.TestMethodWorker.invokeTestMethods(TestMethodWorker.java:126)
	at org.testng.internal.TestMethodWorker.run(TestMethodWorker.java:109)
	at org.testng.TestRunner.privateRun(TestRunner.java:744)
	at org.testng.TestRunner.run(TestRunner.java:602)
	at org.testng.SuiteRunner.runTest(SuiteRunner.java:380)
	at org.testng.SuiteRunner.runSequentially(SuiteRunner.java:375)
	at org.testng.SuiteRunner.privateRun(SuiteRunner.java:340)
	at org.testng.SuiteRunner.run(SuiteRunner.java:289)
	at org.testng.SuiteRunnerWorker.runSuite(SuiteRunnerWorker.java:52)
	at org.testng.SuiteRunnerWorker.run(SuiteRunnerWorker.java:86)
	at org.testng.TestNG.runSuitesSequentially(TestNG.java:1301)
	at org.testng.TestNG.runSuitesLocally(TestNG.java:1226)
	at org.testng.TestNG.runSuites(TestNG.java:1144)
	at org.testng.TestNG.run(TestNG.java:1115)
	at org.apache.maven.surefire.testng.TestNGExecutor.run(TestNGExecutor.java:283)
	at org.apache.maven.surefire.testng.TestNGXmlTestSuite.execute(TestNGXmlTestSuite.java:75)
	at org.apache.maven.surefire.testng.TestNGProvider.invoke(TestNGProvider.java:120)
	at org.apache.maven.surefire.booter.ForkedBooter.invokeProviderInSameClassLoader(ForkedBooter.java:386)
	at org.apache.maven.surefire.booter.ForkedBooter.runSuitesInProcess(ForkedBooter.java:323)
	at org.apache.maven.surefire.booter.ForkedBooter.main(ForkedBooter.java:143)
</pre></div></td>
<td>12</td>
<td>com.actiTime.testScripts.placingOrders.TestUpdateMyAddresses@31e5415e</td></tr>
</table><p>
<table width='100%' border='1' class='invocation-passed'>
<tr><td colspan='4' align='center'><b>PASSED TESTS</b></td></tr>
<tr><td><b>Test method</b></td>
<td width="30%"><b>Exception</b></td>
<td width="10%"><b>Time (seconds)</b></td>
<td><b>Instance</b></td>
</tr>
<tr>
<td title='com.actiTime.testScripts.login.TestLoginFlow.testLogin()'><b>testLogin</b><br>Test class: com.actiTime.testScripts.login.TestLoginFlow</td>
<td></td>
<td>8</td>
<td>com.actiTime.testScripts.login.TestLoginFlow@4e096385</td></tr>
<tr>
<td title='com.actiTime.testScripts.login.TestLoginwithInputFromPropertiesFile.testLogin()'><b>testLogin</b><br>Test class: com.actiTime.testScripts.login.TestLoginwithInputFromPropertiesFile</td>
<td></td>
<td>5</td>
<td>com.actiTime.testScripts.login.TestLoginwithInputFromPropertiesFile@649bec2e</td></tr>
<tr>
<td title='com.actiTime.testScripts.login.TestLoginWithParameterization.testLoginWithParameterization()'><b>testLoginWithParameterization</b><br>Test class: com.actiTime.testScripts.login.TestLoginWithParameterization<br>Parameters: TC001, deepakbbd2011@gmail.com, 434128034dde, Y</td>
<td></td>
<td>8</td>
<td>com.actiTime.testScripts.login.TestLoginWithParameterization@693fe6c9</td></tr>
<tr>
<td title='com.actiTime.testScripts.login.TestLoginWithParameterization.testLoginWithParameterization()'><b>testLoginWithParameterization</b><br>Test class: com.actiTime.testScripts.login.TestLoginWithParameterization<br>Parameters: TC003, deepakbbd2011@gmail.com, 434128034dde, Y</td>
<td></td>
<td>7</td>
<td>com.actiTime.testScripts.login.TestLoginWithParameterization@693fe6c9</td></tr>
<tr>
<td title='com.actiTime.testScripts.login.TestLoginFlow.testLogout()'><b>testLogout</b><br>Test class: com.actiTime.testScripts.login.TestLoginFlow</td>
<td></td>
<td>3</td>
<td>com.actiTime.testScripts.login.TestLoginFlow@4e096385</td></tr>
<tr>
<td title='com.actiTime.testScripts.placingOrders.TestOrderHistory.testOrderHistory()'><b>testOrderHistory</b><br>Test class: com.actiTime.testScripts.placingOrders.TestOrderHistory</td>
<td></td>
<td>3</td>
<td>com.actiTime.testScripts.placingOrders.TestOrderHistory@34f5090e</td></tr>
</table><p>
<table width='100%' border='1' class='invocation-skipped'>
<tr><td colspan='4' align='center'><b>SKIPPED TESTS</b></td></tr>
<tr><td><b>Test method</b></td>
<td width="30%"><b>Exception</b></td>
<td width="10%"><b>Time (seconds)</b></td>
<td><b>Instance</b></td>
</tr>
<tr>
<td title='com.actiTime.testScripts.login.TestLoginWithParameterization.testLoginWithParameterization()'><b>testLoginWithParameterization</b><br>Test class: com.actiTime.testScripts.login.TestLoginWithParameterization<br>Parameters: TC002, deepakbbd2011@gmail.com, 434128034dde, N</td>
<td><div><pre>org.testng.SkipException: Skipped Test case is
	at com.actiTime.testScripts.login.TestLoginWithParameterization.testLoginWithParameterization(TestLoginWithParameterization.java:44)
... Removed 28 stack frames</pre></div><a href='#' onClick='toggleBox("stack-trace1340644388", this, "Click to show all stack frames", "Click to hide stack frames")'>Click to show all stack frames</a>
<div class='stack-trace' id='stack-trace1340644388'><pre>org.testng.SkipException: Skipped Test case is
	at com.actiTime.testScripts.login.TestLoginWithParameterization.testLoginWithParameterization(TestLoginWithParameterization.java:44)
	at sun.reflect.NativeMethodAccessorImpl.invoke0(Native Method)
	at sun.reflect.NativeMethodAccessorImpl.invoke(Unknown Source)
	at sun.reflect.DelegatingMethodAccessorImpl.invoke(Unknown Source)
	at java.lang.reflect.Method.invoke(Unknown Source)
	at org.testng.internal.MethodInvocationHelper.invokeMethod(MethodInvocationHelper.java:108)
	at org.testng.internal.Invoker.invokeMethod(Invoker.java:661)
	at org.testng.internal.Invoker.invokeTestMethod(Invoker.java:869)
	at org.testng.internal.Invoker.invokeTestMethods(Invoker.java:1193)
	at org.testng.internal.TestMethodWorker.invokeTestMethods(TestMethodWorker.java:126)
	at org.testng.internal.TestMethodWorker.run(TestMethodWorker.java:109)
	at org.testng.TestRunner.privateRun(TestRunner.java:744)
	at org.testng.TestRunner.run(TestRunner.java:602)
	at org.testng.SuiteRunner.runTest(SuiteRunner.java:380)
	at org.testng.SuiteRunner.runSequentially(SuiteRunner.java:375)
	at org.testng.SuiteRunner.privateRun(SuiteRunner.java:340)
	at org.testng.SuiteRunner.run(SuiteRunner.java:289)
	at org.testng.SuiteRunnerWorker.runSuite(SuiteRunnerWorker.java:52)
	at org.testng.SuiteRunnerWorker.run(SuiteRunnerWorker.java:86)
	at org.testng.TestNG.runSuitesSequentially(TestNG.java:1301)
	at org.testng.TestNG.runSuitesLocally(TestNG.java:1226)
	at org.testng.TestNG.runSuites(TestNG.java:1144)
	at org.testng.TestNG.run(TestNG.java:1115)
	at org.apache.maven.surefire.testng.TestNGExecutor.run(TestNGExecutor.java:283)
	at org.apache.maven.surefire.testng.TestNGXmlTestSuite.execute(TestNGXmlTestSuite.java:75)
	at org.apache.maven.surefire.testng.TestNGProvider.invoke(TestNGProvider.java:120)
	at org.apache.maven.surefire.booter.ForkedBooter.invokeProviderInSameClassLoader(ForkedBooter.java:386)
	at org.apache.maven.surefire.booter.ForkedBooter.runSuitesInProcess(ForkedBooter.java:323)
	at org.apache.maven.surefire.booter.ForkedBooter.main(ForkedBooter.java:143)
</pre></div></td>
<td>0</td>
<td>com.actiTime.testScripts.login.TestLoginWithParameterization@693fe6c9</td></tr>
</table><p>
</body>
</html>