<!DOCTYPE html PUBLIC "-//W3C//DTD XHTML 1.1//EN" "http://www.w3.org/TR/xhtml11/DTD/xhtml11.dtd">
<html xmlns="http://www.w3.org/1999/xhtml"><head><title>TestNG Report</title><style type="text/css">table {margin-bottom:10px;border-collapse:collapse;empty-cells:show}th,td {border:1px solid #009;padding:.25em .5em}th {vertical-align:bottom}td {vertical-align:top}table a {font-weight:bold}.stripe td {background-color: #E6EBF9}.num {text-align:right}.passedodd td {background-color: #3F3}.passedeven td {background-color: #0A0}.skippedodd td {background-color: #DDD}.skippedeven td {background-color: #CCC}.failedodd td,.attn {background-color: #F33}.failedeven td,.stripe .attn {background-color: #D00}.stacktrace {white-space:pre;font-family:monospace}.totop {font-size:85%;text-align:center;border-bottom:2px solid #000}</style></head><body><table><tr><th>Test</th><th># Passed</th><th># Skipped</th><th># Failed</th><th>Time (ms)</th><th>Included Groups</th><th>Excluded Groups</th></tr><tr><th colspan="7">Suite</th></tr><tr><td><a href="#t0">Regression</a></td><td class="num">6</td><td class="num attn">1</td><td class="num attn">2</td><td class="num">186,533</td><td></td><td></td></tr></table><table id='summary'><thead><tr><th>Class</th><th>Method</th><th>Start</th><th>Time (ms)</th></tr></thead><tbody><tr><th colspan="4">Suite</th></tr></tbody><tbody id="t0"><tr><th colspan="4">Regression &#8212; failed</th></tr><tr class="failedeven"><td rowspan="1">com.actiTime.testScripts.login.TestLoginwithInputFromPropertiesFile</td><td><a href="#m0">testLogout</a></td><td rowspan="1">1502005022303</td><td rowspan="1">3582</td></tr><tr class="failedodd"><td rowspan="1">com.actiTime.testScripts.placingOrders.TestUpdateMyAddresses</td><td><a href="#m1">testUpdateAddress</a></td><td rowspan="1">1502005093525</td><td rowspan="1">12264</td></tr><tr><th colspan="4">Regression &#8212; skipped</th></tr><tr class="skippedeven"><td rowspan="1">com.actiTime.testScripts.login.TestLoginWithParameterization</td><td><a href="#m2">testLoginWithParameterization</a></td><td rowspan="1">1502005052689</td><td rowspan="1">0</td></tr><tr><th colspan="4">Regression &#8212; passed</th></tr><tr class="passedeven"><td rowspan="2">com.actiTime.testScripts.login.TestLoginFlow</td><td><a href="#m3">testLogin</a></td><td rowspan="1">1502004978915</td><td rowspan="1">8643</td></tr><tr class="passedeven"><td><a href="#m4">testLogout</a></td><td rowspan="1">1502004987561</td><td rowspan="1">3118</td></tr><tr class="passedodd"><td rowspan="2">com.actiTime.testScripts.login.TestLoginWithParameterization</td><td><a href="#m5">testLoginWithParameterization</a></td><td rowspan="2">1502005044573</td><td rowspan="2">8115</td></tr><tr class="passedodd"><td><a href="#m6">testLoginWithParameterization</a></td></tr><tr class="passedeven"><td rowspan="1">com.actiTime.testScripts.login.TestLoginwithInputFromPropertiesFile</td><td><a href="#m7">testLogin</a></td><td rowspan="1">1502005016568</td><td rowspan="1">5734</td></tr><tr class="passedodd"><td rowspan="1">com.actiTime.testScripts.placingOrders.TestOrderHistory</td><td><a href="#m8">testOrderHistory</a></td><td rowspan="1">1502005077912</td><td rowspan="1">3977</td></tr></tbody></table><h2>Regression</h2><h3 id="m0">com.actiTime.testScripts.login.TestLoginwithInputFromPropertiesFile#testLogout</h3><table class="result"><tr><th>Messages</th></tr><tr><td><div class="messages"><a href="C:\Users\Deepak Kumar\Desktop\learnByBP\wrkspace\HybridFrameworkMaven.\test-output\screenshot\08-06-2017_13-07-06_testLogout.png"><img src="file:///C:\Users\Deepak Kumar\Desktop\learnByBP\wrkspace\HybridFrameworkMaven.\test-output\screenshot\08-06-2017_13-07-06_testLogout.png" alt="image not found" height='100' width='100'/></a></br></div></td></tr><tr><th>Exception</th></tr><tr><td><div class="stacktrace">java.lang.AssertionError: expected [true] but found [false]
	at com.actiTime.testScripts.login.TestLoginwithInputFromPropertiesFile.testLogout(TestLoginwithInputFromPropertiesFile.java:37)
... Removed 32 stack frames</div></td></tr></table><p class="totop"><a href="#summary">back to summary</a></p><h3 id="m1">com.actiTime.testScripts.placingOrders.TestUpdateMyAddresses#testUpdateAddress</h3><table class="result"><tr><th>Messages</th></tr><tr><td><div class="messages"><a href="C:\Users\Deepak Kumar\Desktop\learnByBP\wrkspace\HybridFrameworkMaven.\test-output\screenshot\08-06-2017_13-08-26_testUpdateAddress.png"><img src="file:///C:\Users\Deepak Kumar\Desktop\learnByBP\wrkspace\HybridFrameworkMaven.\test-output\screenshot\08-06-2017_13-08-26_testUpdateAddress.png" alt="image not found" height='100' width='100'/></a></br></div></td></tr><tr><th>Exception</th></tr><tr><td><div class="stacktrace">java.lang.AssertionError: expected [true] but found [false]
	at com.actiTime.testScripts.placingOrders.TestUpdateMyAddresses.testUpdateAddress(TestUpdateMyAddresses.java:32)
... Removed 32 stack frames</div></td></tr></table><p class="totop"><a href="#summary">back to summary</a></p><h3 id="m2">com.actiTime.testScripts.login.TestLoginWithParameterization#testLoginWithParameterization</h3><table class="result"><tr class="param"><th>Parameter #1</th><th>Parameter #2</th><th>Parameter #3</th><th>Parameter #4</th></tr><tr class="param stripe"><td>TC002</td><td>deepakbbd2011@gmail.com</td><td>434128034dde</td><td>N</td></tr><tr><th colspan="4">Exception</th></tr><tr><td colspan="4"><div class="stacktrace">org.testng.SkipException: Skipped Test case is
	at com.actiTime.testScripts.login.TestLoginWithParameterization.testLoginWithParameterization(TestLoginWithParameterization.java:44)
... Removed 28 stack frames</div></td></tr></table><p class="totop"><a href="#summary">back to summary</a></p><h3 id="m3">com.actiTime.testScripts.login.TestLoginFlow#testLogin</h3><table class="result"></table><p class="totop"><a href="#summary">back to summary</a></p><h3 id="m4">com.actiTime.testScripts.login.TestLoginFlow#testLogout</h3><table class="result"></table><p class="totop"><a href="#summary">back to summary</a></p><h3 id="m5">com.actiTime.testScripts.login.TestLoginWithParameterization#testLoginWithParameterization</h3><table class="result"><tr class="param"><th>Parameter #1</th><th>Parameter #2</th><th>Parameter #3</th><th>Parameter #4</th></tr><tr class="param stripe"><td>TC001</td><td>deepakbbd2011@gmail.com</td><td>434128034dde</td><td>Y</td></tr></table><p class="totop"><a href="#summary">back to summary</a></p><h3 id="m6">com.actiTime.testScripts.login.TestLoginWithParameterization#testLoginWithParameterization</h3><table class="result"><tr class="param"><th>Parameter #1</th><th>Parameter #2</th><th>Parameter #3</th><th>Parameter #4</th></tr><tr class="param stripe"><td>TC003</td><td>deepakbbd2011@gmail.com</td><td>434128034dde</td><td>Y</td></tr></table><p class="totop"><a href="#summary">back to summary</a></p><h3 id="m7">com.actiTime.testScripts.login.TestLoginwithInputFromPropertiesFile#testLogin</h3><table class="result"></table><p class="totop"><a href="#summary">back to summary</a></p><h3 id="m8">com.actiTime.testScripts.placingOrders.TestOrderHistory#testOrderHistory</h3><table class="result"></table><p class="totop"><a href="#summary">back to summary</a></p></body></html>