<?xml version="1.0" encoding="UTF-8"?>
<testsuite xmlns:xsi="http://www.w3.org/2001/XMLSchema-instance" xsi:noNamespaceSchemaLocation="https://maven.apache.org/surefire/maven-surefire-plugin/xsd/surefire-test-report.xsd" name="TestSuite" time="194.538" tests="9" errors="0" skipped="1" failures="2">
  <properties>
    <property name="java.runtime.name" value="Java(TM) SE Runtime Environment"/>
    <property name="sun.boot.library.path" value="C:\Program Files\Java\jre1.8.0_77\bin"/>
    <property name="java.vm.version" value="25.77-b03"/>
    <property name="java.vm.vendor" value="Oracle Corporation"/>
    <property name="maven.multiModuleProjectDirectory" value="C:\Users\Deepak Kumar\Desktop\learnByBP\wrkspace\HybridFrameworkMaven"/>
    <property name="java.vendor.url" value="http://java.oracle.com/"/>
    <property name="path.separator" value=";"/>
    <property name="guice.disable.misplaced.annotation.check" value="true"/>
    <property name="java.vm.name" value="Java HotSpot(TM) 64-Bit Server VM"/>
    <property name="file.encoding.pkg" value="sun.io"/>
    <property name="user.script" value=""/>
    <property name="user.country" value="IN"/>
    <property name="sun.java.launcher" value="SUN_STANDARD"/>
    <property name="sun.os.patch.level" value="Service Pack 1"/>
    <property name="java.vm.specification.name" value="Java Virtual Machine Specification"/>
    <property name="user.dir" value="C:\Users\Deepak Kumar\Desktop\learnByBP\wrkspace\HybridFrameworkMaven"/>
    <property name="java.runtime.version" value="1.8.0_77-b03"/>
    <property name="java.awt.graphicsenv" value="sun.awt.Win32GraphicsEnvironment"/>
    <property name="java.endorsed.dirs" value="C:\Program Files\Java\jre1.8.0_77\lib\endorsed"/>
    <property name="os.arch" value="amd64"/>
    <property name="java.io.tmpdir" value="C:\Users\DEEPAK~1\AppData\Local\Temp\"/>
    <property name="line.separator" value="&#10;"/>
    <property name="java.vm.specification.vendor" value="Oracle Corporation"/>
    <property name="user.variant" value=""/>
    <property name="os.name" value="Windows 7"/>
    <property name="classworlds.conf" value="C:\Users\Deepak Kumar\Desktop\learnByBP\wrkspace\.metadata\.plugins\org.eclipse.m2e.launching\launches\m2conf6455200638959366231.tmp"/>
    <property name="sun.jnu.encoding" value="Cp1252"/>
    <property name="java.library.path" value="C:\Program Files\Java\jre1.8.0_77\bin;C:\windows\Sun\Java\bin;C:\windows\system32;C:\windows;C:/Program Files/Java/jre1.8.0_77/bin/server;C:/Program Files/Java/jre1.8.0_77/bin;C:/Program Files/Java/jre1.8.0_77/lib/amd64;C:\ProgramData\Oracle\Java\javapath;C:\Program Files\Java\jdk1.8.0_40\bin;C:\Users\Deepak Kumar\Desktop\selenium\Downloads4Selenium\Apache Ant\apache-ant-1.9.6\bin;E:\Jars;C:\windows\system32\config\systemprofile\.dnx\bin;C:\Program Files\Microsoft DNX\Dnvm\;C:\Program Files\Microsoft SQL Server\130\Tools\Binn\;C:\Program Files\apache-maven-3.3.9\bin;C:\Program Files\Java\jdk1.8.0_40\bin;C:\Users\Deepak Kumar\Desktop\Jenkins\eclipse;;."/>
    <property name="java.specification.name" value="Java Platform API Specification"/>
    <property name="java.class.version" value="52.0"/>
    <property name="sun.management.compiler" value="HotSpot 64-Bit Tiered Compilers"/>
    <property name="os.version" value="6.1"/>
    <property name="user.home" value="C:\Users\Deepak Kumar"/>
    <property name="user.timezone" value="Asia/Calcutta"/>
    <property name="java.awt.printerjob" value="sun.awt.windows.WPrinterJob"/>
    <property name="java.specification.version" value="1.8"/>
    <property name="file.encoding" value="Cp1252"/>
    <property name="user.name" value="Deepak Kumar"/>
    <property name="java.class.path" value="/C:/Users/Deepak Kumar/Desktop/Jenkins/eclipse/plugins/org.eclipse.m2e.maven.runtime_1.7.0.20160603-1931/jars/plexus-classworlds-2.5.2.jar"/>
    <property name="java.vm.specification.version" value="1.8"/>
    <property name="sun.arch.data.model" value="64"/>
    <property name="java.home" value="C:\Program Files\Java\jre1.8.0_77"/>
    <property name="sun.java.command" value="org.codehaus.plexus.classworlds.launcher.Launcher -B clean install"/>
    <property name="java.specification.vendor" value="Oracle Corporation"/>
    <property name="user.language" value="en"/>
    <property name="awt.toolkit" value="sun.awt.windows.WToolkit"/>
    <property name="java.vm.info" value="mixed mode"/>
    <property name="java.version" value="1.8.0_77"/>
    <property name="java.ext.dirs" value="C:\Program Files\Java\jre1.8.0_77\lib\ext;C:\windows\Sun\Java\lib\ext"/>
    <property name="sun.boot.class.path" value="C:\Program Files\Java\jre1.8.0_77\lib\resources.jar;C:\Program Files\Java\jre1.8.0_77\lib\rt.jar;C:\Program Files\Java\jre1.8.0_77\lib\sunrsasign.jar;C:\Program Files\Java\jre1.8.0_77\lib\jsse.jar;C:\Program Files\Java\jre1.8.0_77\lib\jce.jar;C:\Program Files\Java\jre1.8.0_77\lib\charsets.jar;C:\Program Files\Java\jre1.8.0_77\lib\jfr.jar;C:\Program Files\Java\jre1.8.0_77\classes"/>
    <property name="java.vendor" value="Oracle Corporation"/>
    <property name="maven.home" value="C:\Users\Deepak Kumar\Desktop\learnByBP\wrkspace\HybridFrameworkMaven\EMBEDDED"/>
    <property name="file.separator" value="\"/>
    <property name="java.vendor.url.bug" value="http://bugreport.sun.com/bugreport/"/>
    <property name="sun.cpu.endian" value="little"/>
    <property name="sun.io.unicode.encoding" value="UnicodeLittle"/>
    <property name="sun.desktop" value="windows"/>
    <property name="sun.cpu.isalist" value="amd64"/>
  </properties>
  <testcase name="testLogin" classname="com.actiTime.testScripts.login.TestLoginFlow" time="8.724"/>
  <testcase name="testLogout" classname="com.actiTime.testScripts.login.TestLoginFlow" time="3.033"/>
  <testcase name="testLogin" classname="com.actiTime.testScripts.login.TestLoginwithInputFromPropertiesFile" time="5.738"/>
  <testcase name="testLogout" classname="com.actiTime.testScripts.login.TestLoginwithInputFromPropertiesFile" time="3.623">
    <failure message="expected [true] but found [false]" type="java.lang.AssertionError">java.lang.AssertionError: expected [true] but found [false]
	at com.actiTime.testScripts.login.TestLoginwithInputFromPropertiesFile.testLogout(TestLoginwithInputFromPropertiesFile.java:37)
</failure>
    <system-out><![CDATA[2017-08-06 13:07:02 [main] INFO  com.actiTime.customListner.Listener - Test passed--->[testLogin()]
2017-08-06 13:07:02 [main] INFO  com.actiTime.customListner.Listener - Test started--->[testLogout()]
2017-08-06 13:07:02 [main] INFO  c.a.pageLibrary.loginPage.LoginPage - clickOnLogoutButton
]]></system-out>
  </testcase>
  <testcase name="testLoginWithParameterization" classname="com.actiTime.testScripts.login.TestLoginWithParameterization" time="8.107"/>
  <testcase name="testLoginWithParameterization" classname="com.actiTime.testScripts.login.TestLoginWithParameterization" time="0">
    <skipped message="Skipped Test case is"/>
    <system-out><![CDATA[2017-08-06 13:07:32 [main] INFO  com.actiTime.customListner.Listener - Test passed--->[testLoginWithParameterization()]
2017-08-06 13:07:32 [main] INFO  com.actiTime.customListner.Listener - Test started--->[testLoginWithParameterization()]
]]></system-out>
  </testcase>
  <testcase name="testLoginWithParameterization" classname="com.actiTime.testScripts.login.TestLoginWithParameterization" time="7.063"/>
  <testcase name="testOrderHistory" classname="com.actiTime.testScripts.placingOrders.TestOrderHistory" time="3.979"/>
  <testcase name="testUpdateAddress" classname="com.actiTime.testScripts.placingOrders.TestUpdateMyAddresses" time="12.262">
    <failure message="expected [true] but found [false]" type="java.lang.AssertionError">java.lang.AssertionError: expected [true] but found [false]
	at com.actiTime.testScripts.placingOrders.TestUpdateMyAddresses.testUpdateAddress(TestUpdateMyAddresses.java:32)
</failure>
    <system-out><![CDATA[2017-08-06 13:08:01 [main] INFO  com.actiTime.customListner.Listener - Test passed--->[testOrderHistory()]
2017-08-06 13:08:02 [main] INFO  com.actiTime.testUtils.DriverManager - Launching chrome browser...
2017-08-06 13:08:13 [main] INFO  com.actiTime.customListner.Listener - Test started--->[testUpdateAddress()]
2017-08-06 13:08:13 [main] INFO  c.a.pageLibrary.loginPage.LoginPage - loginToApplication
2017-08-06 13:08:13 [main] INFO  c.a.pageLibrary.loginPage.LoginPage - enterUsername
2017-08-06 13:08:13 [main] INFO  c.a.pageLibrary.loginPage.LoginPage - enterPassword
2017-08-06 13:08:14 [main] INFO  c.a.pageLibrary.loginPage.LoginPage - clickOnLoginButton
2017-08-06 13:08:17 [main] INFO  c.a.pageLibrary.loginPage.LoginPage - isLoginSuccessful
2017-08-06 13:08:17 [main] INFO  c.a.pageLibrary.loginPage.LoginPage - clickOnMyAddresses
2017-08-06 13:08:19 [main] INFO  c.a.pageLibrary.loginPage.LoginPage - clickOnUpdateAddress
2017-08-06 13:08:22 [main] INFO  c.a.pageLibrary.loginPage.LoginPage - enterCompanyAddress
2017-08-06 13:08:22 [main] INFO  c.a.pageLibrary.loginPage.LoginPage - clickOnSaveAddress
2017-08-06 13:08:25 [main] INFO  c.a.pageLibrary.loginPage.LoginPage - isAddressUpdateSuccessful
]]></system-out>
    <system-err><![CDATA[Starting ChromeDriver 2.30.477700 (0057494ad8732195794a7b32078424f92a5fce41) on port 13282
Only local connections are allowed.
Aug 06, 2017 1:08:04 PM org.openqa.selenium.remote.ProtocolHandshake createSession
INFO: Detected dialect: OSS
]]></system-err>
  </testcase>
</testsuite>