<?xml version="1.0" encoding="UTF-8"?>
<testng-results skipped="1" failed="2" ignored="8" total="17" passed="6">
  <reporter-output>
    <line>
      <![CDATA[---Excel workbook initialized---]]>
    </line>
    <line>
      <![CDATA[<a href="C:\Users\Deepak Kumar\Desktop\learnByBP\wrkspace\HybridFrameworkMaven.\test-output\screenshot\08-06-2017_13-07-06_testLogout.png"><img src="file:///C:\Users\Deepak Kumar\Desktop\learnByBP\wrkspace\HybridFrameworkMaven.\test-output\screenshot\08-06-2017_13-07-06_testLogout.png" alt="image not found" height='100' width='100'/></a></br>]]>
    </line>
    <line>
      <![CDATA[<a href="C:\Users\Deepak Kumar\Desktop\learnByBP\wrkspace\HybridFrameworkMaven.\test-output\screenshot\08-06-2017_13-08-26_testUpdateAddress.png"><img src="file:///C:\Users\Deepak Kumar\Desktop\learnByBP\wrkspace\HybridFrameworkMaven.\test-output\screenshot\08-06-2017_13-08-26_testUpdateAddress.png" alt="image not found" height='100' width='100'/></a></br>]]>
    </line>
  </reporter-output>
  <suite name="Suite" duration-ms="186533" started-at="2017-08-06T07:35:20Z" finished-at="2017-08-06T07:38:26Z">
    <groups>
    </groups>
    <test name="Regression" duration-ms="186533" started-at="2017-08-06T07:35:20Z" finished-at="2017-08-06T07:38:26Z">
      <class name="com.actiTime.testScripts.login.TestLoginWithParameterization">
        <test-method status="PASS" signature="setUpDriver()[pri:0, instance:com.actiTime.testScripts.login.TestLoginWithParameterization@693fe6c9]" name="setUpDriver" is-config="true" duration-ms="15671" started-at="2017-08-06T13:07:08Z" finished-at="2017-08-06T13:07:24Z">
          <reporter-output>
          </reporter-output>
        </test-method> <!-- setUpDriver -->
        <test-method status="PASS" signature="setUpPages()[pri:0, instance:com.actiTime.testScripts.login.TestLoginWithParameterization@693fe6c9]" name="setUpPages" is-config="true" duration-ms="0" started-at="2017-08-06T13:07:24Z" finished-at="2017-08-06T13:07:24Z">
          <reporter-output>
          </reporter-output>
        </test-method> <!-- setUpPages -->
        <test-method status="PASS" signature="testLoginWithParameterization(java.lang.String, java.lang.String, java.lang.String, java.lang.String)[pri:0, instance:com.actiTime.testScripts.login.TestLoginWithParameterization@693fe6c9]" name="testLoginWithParameterization" duration-ms="8115" started-at="2017-08-06T13:07:24Z" data-provider="getData" finished-at="2017-08-06T13:07:32Z">
          <params>
            <param index="0">
              <value>
                <![CDATA[TC001]]>
              </value>
            </param>
            <param index="1">
              <value>
                <![CDATA[deepakbbd2011@gmail.com]]>
              </value>
            </param>
            <param index="2">
              <value>
                <![CDATA[434128034dde]]>
              </value>
            </param>
            <param index="3">
              <value>
                <![CDATA[Y]]>
              </value>
            </param>
          </params>
          <reporter-output>
          </reporter-output>
        </test-method> <!-- testLoginWithParameterization -->
        <test-method status="SKIP" signature="testLoginWithParameterization(java.lang.String, java.lang.String, java.lang.String, java.lang.String)[pri:0, instance:com.actiTime.testScripts.login.TestLoginWithParameterization@693fe6c9]" name="testLoginWithParameterization" duration-ms="0" started-at="2017-08-06T13:07:32Z" data-provider="getData" finished-at="2017-08-06T13:07:32Z">
          <params>
            <param index="0">
              <value>
                <![CDATA[TC002]]>
              </value>
            </param>
            <param index="1">
              <value>
                <![CDATA[deepakbbd2011@gmail.com]]>
              </value>
            </param>
            <param index="2">
              <value>
                <![CDATA[434128034dde]]>
              </value>
            </param>
            <param index="3">
              <value>
                <![CDATA[N]]>
              </value>
            </param>
          </params>
          <exception class="org.testng.SkipException">
            <message>
              <![CDATA[Skipped Test case is]]>
            </message>
            <full-stacktrace>
              <![CDATA[org.testng.SkipException: Skipped Test case is
	at com.actiTime.testScripts.login.TestLoginWithParameterization.testLoginWithParameterization(TestLoginWithParameterization.java:44)
	at sun.reflect.NativeMethodAccessorImpl.invoke0(Native Method)
	at sun.reflect.NativeMethodAccessorImpl.invoke(Unknown Source)
	at sun.reflect.DelegatingMethodAccessorImpl.invoke(Unknown Source)
	at java.lang.reflect.Method.invoke(Unknown Source)
	at org.testng.internal.MethodInvocationHelper.invokeMethod(MethodInvocationHelper.java:108)
	at org.testng.internal.Invoker.invokeMethod(Invoker.java:661)
	at org.testng.internal.Invoker.invokeTestMethod(Invoker.java:869)
	at org.testng.internal.Invoker.invokeTestMethods(Invoker.java:1193)
	at org.testng.internal.TestMethodWorker.invokeTestMethods(TestMethodWorker.java:126)
	at org.testng.internal.TestMethodWorker.run(TestMethodWorker.java:109)
	at org.testng.TestRunner.privateRun(TestRunner.java:744)
	at org.testng.TestRunner.run(TestRunner.java:602)
	at org.testng.SuiteRunner.runTest(SuiteRunner.java:380)
	at org.testng.SuiteRunner.runSequentially(SuiteRunner.java:375)
	at org.testng.SuiteRunner.privateRun(SuiteRunner.java:340)
	at org.testng.SuiteRunner.run(SuiteRunner.java:289)
	at org.testng.SuiteRunnerWorker.runSuite(SuiteRunnerWorker.java:52)
	at org.testng.SuiteRunnerWorker.run(SuiteRunnerWorker.java:86)
	at org.testng.TestNG.runSuitesSequentially(TestNG.java:1301)
	at org.testng.TestNG.runSuitesLocally(TestNG.java:1226)
	at org.testng.TestNG.runSuites(TestNG.java:1144)
	at org.testng.TestNG.run(TestNG.java:1115)
	at org.apache.maven.surefire.testng.TestNGExecutor.run(TestNGExecutor.java:283)
	at org.apache.maven.surefire.testng.TestNGXmlTestSuite.execute(TestNGXmlTestSuite.java:75)
	at org.apache.maven.surefire.testng.TestNGProvider.invoke(TestNGProvider.java:120)
	at org.apache.maven.surefire.booter.ForkedBooter.invokeProviderInSameClassLoader(ForkedBooter.java:386)
	at org.apache.maven.surefire.booter.ForkedBooter.runSuitesInProcess(ForkedBooter.java:323)
	at org.apache.maven.surefire.booter.ForkedBooter.main(ForkedBooter.java:143)
]]>
            </full-stacktrace>
          </exception> <!-- org.testng.SkipException -->
          <reporter-output>
          </reporter-output>
        </test-method> <!-- testLoginWithParameterization -->
        <test-method status="PASS" signature="testLoginWithParameterization(java.lang.String, java.lang.String, java.lang.String, java.lang.String)[pri:0, instance:com.actiTime.testScripts.login.TestLoginWithParameterization@693fe6c9]" name="testLoginWithParameterization" duration-ms="7062" started-at="2017-08-06T13:07:32Z" data-provider="getData" finished-at="2017-08-06T13:07:39Z">
          <params>
            <param index="0">
              <value>
                <![CDATA[TC003]]>
              </value>
            </param>
            <param index="1">
              <value>
                <![CDATA[deepakbbd2011@gmail.com]]>
              </value>
            </param>
            <param index="2">
              <value>
                <![CDATA[434128034dde]]>
              </value>
            </param>
            <param index="3">
              <value>
                <![CDATA[Y]]>
              </value>
            </param>
          </params>
          <reporter-output>
          </reporter-output>
        </test-method> <!-- testLoginWithParameterization -->
        <test-method status="PASS" signature="tearDownDriver()[pri:0, instance:com.actiTime.testScripts.login.TestLoginWithParameterization@693fe6c9]" name="tearDownDriver" is-config="true" duration-ms="292" started-at="2017-08-06T13:07:39Z" finished-at="2017-08-06T13:07:40Z">
          <reporter-output>
          </reporter-output>
        </test-method> <!-- tearDownDriver -->
      </class> <!-- com.actiTime.testScripts.login.TestLoginWithParameterization -->
      <class name="com.actiTime.testScripts.login.TestLoginFlow">
        <test-method status="PASS" signature="setUpReporting()[pri:0, instance:com.actiTime.testScripts.login.TestLoginFlow@4e096385]" name="setUpReporting" is-config="true" duration-ms="355" started-at="2017-08-06T13:05:19Z" finished-at="2017-08-06T13:05:20Z">
          <reporter-output>
          </reporter-output>
        </test-method> <!-- setUpReporting -->
        <test-method status="PASS" signature="setUpDriver()[pri:0, instance:com.actiTime.testScripts.login.TestLoginFlow@4e096385]" name="setUpDriver" is-config="true" duration-ms="58001" started-at="2017-08-06T13:05:20Z" finished-at="2017-08-06T13:06:18Z">
          <reporter-output>
          </reporter-output>
        </test-method> <!-- setUpDriver -->
        <test-method status="PASS" signature="setUpPages()[pri:0, instance:com.actiTime.testScripts.login.TestLoginFlow@4e096385]" name="setUpPages" is-config="true" duration-ms="648" started-at="2017-08-06T13:06:18Z" finished-at="2017-08-06T13:06:18Z">
          <reporter-output>
          </reporter-output>
        </test-method> <!-- setUpPages -->
        <test-method status="PASS" signature="testLogin()[pri:0, instance:com.actiTime.testScripts.login.TestLoginFlow@4e096385]" name="testLogin" duration-ms="8643" started-at="2017-08-06T13:06:18Z" finished-at="2017-08-06T13:06:27Z">
          <reporter-output>
          </reporter-output>
        </test-method> <!-- testLogin -->
        <test-method status="PASS" signature="testLogout()[pri:0, instance:com.actiTime.testScripts.login.TestLoginFlow@4e096385]" name="testLogout" duration-ms="3118" started-at="2017-08-06T13:06:27Z" finished-at="2017-08-06T13:06:30Z">
          <reporter-output>
          </reporter-output>
        </test-method> <!-- testLogout -->
        <test-method status="PASS" signature="tearDownDriver()[pri:0, instance:com.actiTime.testScripts.login.TestLoginFlow@4e096385]" name="tearDownDriver" is-config="true" duration-ms="1299" started-at="2017-08-06T13:06:30Z" finished-at="2017-08-06T13:06:31Z">
          <reporter-output>
          </reporter-output>
        </test-method> <!-- tearDownDriver -->
        <test-method status="PASS" signature="closeReporting()[pri:0, instance:com.actiTime.testScripts.login.TestLoginFlow@4e096385]" name="closeReporting" is-config="true" duration-ms="886" started-at="2017-08-06T13:08:26Z" finished-at="2017-08-06T13:08:27Z">
          <reporter-output>
          </reporter-output>
        </test-method> <!-- closeReporting -->
      </class> <!-- com.actiTime.testScripts.login.TestLoginFlow -->
      <class name="com.actiTime.testScripts.placingOrders.TestOrderHistory">
        <test-method status="PASS" signature="setUpDriver()[pri:0, instance:com.actiTime.testScripts.placingOrders.TestOrderHistory@34f5090e]" name="setUpDriver" is-config="true" duration-ms="17836" started-at="2017-08-06T13:07:40Z" finished-at="2017-08-06T13:07:57Z">
          <reporter-output>
          </reporter-output>
        </test-method> <!-- setUpDriver -->
        <test-method status="PASS" signature="setUpPages()[pri:0, instance:com.actiTime.testScripts.placingOrders.TestOrderHistory@34f5090e]" name="setUpPages" is-config="true" duration-ms="31" started-at="2017-08-06T13:07:57Z" finished-at="2017-08-06T13:07:57Z">
          <reporter-output>
          </reporter-output>
        </test-method> <!-- setUpPages -->
        <test-method status="PASS" signature="testOrderHistory()[pri:0, instance:com.actiTime.testScripts.placingOrders.TestOrderHistory@34f5090e]" name="testOrderHistory" duration-ms="3977" started-at="2017-08-06T13:07:57Z" finished-at="2017-08-06T13:08:01Z">
          <reporter-output>
          </reporter-output>
        </test-method> <!-- testOrderHistory -->
        <test-method status="PASS" signature="tearDownDriver()[pri:0, instance:com.actiTime.testScripts.placingOrders.TestOrderHistory@34f5090e]" name="tearDownDriver" is-config="true" duration-ms="335" started-at="2017-08-06T13:08:01Z" finished-at="2017-08-06T13:08:02Z">
          <reporter-output>
          </reporter-output>
        </test-method> <!-- tearDownDriver -->
      </class> <!-- com.actiTime.testScripts.placingOrders.TestOrderHistory -->
      <class name="com.actiTime.testScripts.placingOrders.TestUpdateMyAddresses">
        <test-method status="PASS" signature="setUpDriver()[pri:0, instance:com.actiTime.testScripts.placingOrders.TestUpdateMyAddresses@31e5415e]" name="setUpDriver" is-config="true" duration-ms="11299" started-at="2017-08-06T13:08:02Z" finished-at="2017-08-06T13:08:13Z">
          <reporter-output>
          </reporter-output>
        </test-method> <!-- setUpDriver -->
        <test-method status="PASS" signature="setUpPages()[pri:0, instance:com.actiTime.testScripts.placingOrders.TestUpdateMyAddresses@31e5415e]" name="setUpPages" is-config="true" duration-ms="1" started-at="2017-08-06T13:08:13Z" finished-at="2017-08-06T13:08:13Z">
          <reporter-output>
          </reporter-output>
        </test-method> <!-- setUpPages -->
        <test-method status="FAIL" signature="testUpdateAddress()[pri:0, instance:com.actiTime.testScripts.placingOrders.TestUpdateMyAddresses@31e5415e]" name="testUpdateAddress" duration-ms="12264" started-at="2017-08-06T13:08:13Z" finished-at="2017-08-06T13:08:25Z">
          <exception class="java.lang.AssertionError">
            <message>
              <![CDATA[expected [true] but found [false]]]>
            </message>
            <full-stacktrace>
              <![CDATA[java.lang.AssertionError: expected [true] but found [false]
	at org.testng.Assert.fail(Assert.java:93)
	at org.testng.Assert.failNotEquals(Assert.java:512)
	at org.testng.Assert.assertTrue(Assert.java:41)
	at org.testng.Assert.assertTrue(Assert.java:51)
	at com.actiTime.testScripts.placingOrders.TestUpdateMyAddresses.testUpdateAddress(TestUpdateMyAddresses.java:32)
	at sun.reflect.NativeMethodAccessorImpl.invoke0(Native Method)
	at sun.reflect.NativeMethodAccessorImpl.invoke(Unknown Source)
	at sun.reflect.DelegatingMethodAccessorImpl.invoke(Unknown Source)
	at java.lang.reflect.Method.invoke(Unknown Source)
	at org.testng.internal.MethodInvocationHelper.invokeMethod(MethodInvocationHelper.java:108)
	at org.testng.internal.Invoker.invokeMethod(Invoker.java:661)
	at org.testng.internal.Invoker.invokeTestMethod(Invoker.java:869)
	at org.testng.internal.Invoker.invokeTestMethods(Invoker.java:1193)
	at org.testng.internal.TestMethodWorker.invokeTestMethods(TestMethodWorker.java:126)
	at org.testng.internal.TestMethodWorker.run(TestMethodWorker.java:109)
	at org.testng.TestRunner.privateRun(TestRunner.java:744)
	at org.testng.TestRunner.run(TestRunner.java:602)
	at org.testng.SuiteRunner.runTest(SuiteRunner.java:380)
	at org.testng.SuiteRunner.runSequentially(SuiteRunner.java:375)
	at org.testng.SuiteRunner.privateRun(SuiteRunner.java:340)
	at org.testng.SuiteRunner.run(SuiteRunner.java:289)
	at org.testng.SuiteRunnerWorker.runSuite(SuiteRunnerWorker.java:52)
	at org.testng.SuiteRunnerWorker.run(SuiteRunnerWorker.java:86)
	at org.testng.TestNG.runSuitesSequentially(TestNG.java:1301)
	at org.testng.TestNG.runSuitesLocally(TestNG.java:1226)
	at org.testng.TestNG.runSuites(TestNG.java:1144)
	at org.testng.TestNG.run(TestNG.java:1115)
	at org.apache.maven.surefire.testng.TestNGExecutor.run(TestNGExecutor.java:283)
	at org.apache.maven.surefire.testng.TestNGXmlTestSuite.execute(TestNGXmlTestSuite.java:75)
	at org.apache.maven.surefire.testng.TestNGProvider.invoke(TestNGProvider.java:120)
	at org.apache.maven.surefire.booter.ForkedBooter.invokeProviderInSameClassLoader(ForkedBooter.java:386)
	at org.apache.maven.surefire.booter.ForkedBooter.runSuitesInProcess(ForkedBooter.java:323)
	at org.apache.maven.surefire.booter.ForkedBooter.main(ForkedBooter.java:143)
]]>
            </full-stacktrace>
          </exception> <!-- java.lang.AssertionError -->
          <reporter-output>
            <line>
              <![CDATA[<a href="C:\Users\Deepak Kumar\Desktop\learnByBP\wrkspace\HybridFrameworkMaven.\test-output\screenshot\08-06-2017_13-08-26_testUpdateAddress.png"><img src="file:///C:\Users\Deepak Kumar\Desktop\learnByBP\wrkspace\HybridFrameworkMaven.\test-output\screenshot\08-06-2017_13-08-26_testUpdateAddress.png" alt="image not found" height='100' width='100'/></a></br>]]>
            </line>
          </reporter-output>
        </test-method> <!-- testUpdateAddress -->
        <test-method status="PASS" signature="tearDownDriver()[pri:0, instance:com.actiTime.testScripts.placingOrders.TestUpdateMyAddresses@31e5415e]" name="tearDownDriver" is-config="true" duration-ms="260" started-at="2017-08-06T13:08:26Z" finished-at="2017-08-06T13:08:26Z">
          <reporter-output>
          </reporter-output>
        </test-method> <!-- tearDownDriver -->
      </class> <!-- com.actiTime.testScripts.placingOrders.TestUpdateMyAddresses -->
      <class name="com.actiTime.testScripts.login.TestLoginwithInputFromPropertiesFile">
        <test-method status="PASS" signature="setUpDriver()[pri:0, instance:com.actiTime.testScripts.login.TestLoginwithInputFromPropertiesFile@649bec2e]" name="setUpDriver" is-config="true" duration-ms="24585" started-at="2017-08-06T13:06:31Z" finished-at="2017-08-06T13:06:56Z">
          <reporter-output>
          </reporter-output>
        </test-method> <!-- setUpDriver -->
        <test-method status="PASS" signature="setUpPages()[pri:0, instance:com.actiTime.testScripts.login.TestLoginwithInputFromPropertiesFile@649bec2e]" name="setUpPages" is-config="true" duration-ms="1" started-at="2017-08-06T13:06:56Z" finished-at="2017-08-06T13:06:56Z">
          <reporter-output>
          </reporter-output>
        </test-method> <!-- setUpPages -->
        <test-method status="PASS" signature="testLogin()[pri:0, instance:com.actiTime.testScripts.login.TestLoginwithInputFromPropertiesFile@649bec2e]" name="testLogin" duration-ms="5734" started-at="2017-08-06T13:06:56Z" finished-at="2017-08-06T13:07:02Z">
          <reporter-output>
          </reporter-output>
        </test-method> <!-- testLogin -->
        <test-method status="FAIL" signature="testLogout()[pri:0, instance:com.actiTime.testScripts.login.TestLoginwithInputFromPropertiesFile@649bec2e]" name="testLogout" duration-ms="3582" started-at="2017-08-06T13:07:02Z" finished-at="2017-08-06T13:07:05Z">
          <exception class="java.lang.AssertionError">
            <message>
              <![CDATA[expected [true] but found [false]]]>
            </message>
            <full-stacktrace>
              <![CDATA[java.lang.AssertionError: expected [true] but found [false]
	at org.testng.Assert.fail(Assert.java:93)
	at org.testng.Assert.failNotEquals(Assert.java:512)
	at org.testng.Assert.assertTrue(Assert.java:41)
	at org.testng.Assert.assertTrue(Assert.java:51)
	at com.actiTime.testScripts.login.TestLoginwithInputFromPropertiesFile.testLogout(TestLoginwithInputFromPropertiesFile.java:37)
	at sun.reflect.NativeMethodAccessorImpl.invoke0(Native Method)
	at sun.reflect.NativeMethodAccessorImpl.invoke(Unknown Source)
	at sun.reflect.DelegatingMethodAccessorImpl.invoke(Unknown Source)
	at java.lang.reflect.Method.invoke(Unknown Source)
	at org.testng.internal.MethodInvocationHelper.invokeMethod(MethodInvocationHelper.java:108)
	at org.testng.internal.Invoker.invokeMethod(Invoker.java:661)
	at org.testng.internal.Invoker.invokeTestMethod(Invoker.java:869)
	at org.testng.internal.Invoker.invokeTestMethods(Invoker.java:1193)
	at org.testng.internal.TestMethodWorker.invokeTestMethods(TestMethodWorker.java:126)
	at org.testng.internal.TestMethodWorker.run(TestMethodWorker.java:109)
	at org.testng.TestRunner.privateRun(TestRunner.java:744)
	at org.testng.TestRunner.run(TestRunner.java:602)
	at org.testng.SuiteRunner.runTest(SuiteRunner.java:380)
	at org.testng.SuiteRunner.runSequentially(SuiteRunner.java:375)
	at org.testng.SuiteRunner.privateRun(SuiteRunner.java:340)
	at org.testng.SuiteRunner.run(SuiteRunner.java:289)
	at org.testng.SuiteRunnerWorker.runSuite(SuiteRunnerWorker.java:52)
	at org.testng.SuiteRunnerWorker.run(SuiteRunnerWorker.java:86)
	at org.testng.TestNG.runSuitesSequentially(TestNG.java:1301)
	at org.testng.TestNG.runSuitesLocally(TestNG.java:1226)
	at org.testng.TestNG.runSuites(TestNG.java:1144)
	at org.testng.TestNG.run(TestNG.java:1115)
	at org.apache.maven.surefire.testng.TestNGExecutor.run(TestNGExecutor.java:283)
	at org.apache.maven.surefire.testng.TestNGXmlTestSuite.execute(TestNGXmlTestSuite.java:75)
	at org.apache.maven.surefire.testng.TestNGProvider.invoke(TestNGProvider.java:120)
	at org.apache.maven.surefire.booter.ForkedBooter.invokeProviderInSameClassLoader(ForkedBooter.java:386)
	at org.apache.maven.surefire.booter.ForkedBooter.runSuitesInProcess(ForkedBooter.java:323)
	at org.apache.maven.surefire.booter.ForkedBooter.main(ForkedBooter.java:143)
]]>
            </full-stacktrace>
          </exception> <!-- java.lang.AssertionError -->
          <reporter-output>
            <line>
              <![CDATA[<a href="C:\Users\Deepak Kumar\Desktop\learnByBP\wrkspace\HybridFrameworkMaven.\test-output\screenshot\08-06-2017_13-07-06_testLogout.png"><img src="file:///C:\Users\Deepak Kumar\Desktop\learnByBP\wrkspace\HybridFrameworkMaven.\test-output\screenshot\08-06-2017_13-07-06_testLogout.png" alt="image not found" height='100' width='100'/></a></br>]]>
            </line>
          </reporter-output>
        </test-method> <!-- testLogout -->
        <test-method status="PASS" signature="tearDownDriver()[pri:0, instance:com.actiTime.testScripts.login.TestLoginwithInputFromPropertiesFile@649bec2e]" name="tearDownDriver" is-config="true" duration-ms="1683" started-at="2017-08-06T13:07:06Z" finished-at="2017-08-06T13:07:08Z">
          <reporter-output>
          </reporter-output>
        </test-method> <!-- tearDownDriver -->
      </class> <!-- com.actiTime.testScripts.login.TestLoginwithInputFromPropertiesFile -->
    </test> <!-- Regression -->
  </suite> <!-- Suite -->
</testng-results>
