<?xml version="1.0" encoding="UTF-8"?>
<testng-results skipped="1" failed="2" ignored="8" total="17" passed="6">
  <reporter-output>
    <line>
      <![CDATA[---Excel workbook initialized---]]>
    </line>
    <line>
      <![CDATA[<a href="C:\Users\Deepak Kumar\Desktop\learnByBP\wrkspace\dkv-hybrid-framework.\test-output\screenshot\08-11-2017_14-07-02_testLogout.png"><img src="file:///C:\Users\Deepak Kumar\Desktop\learnByBP\wrkspace\dkv-hybrid-framework.\test-output\screenshot\08-11-2017_14-07-02_testLogout.png" alt="image not found" height='100' width='100'/></a></br>]]>
    </line>
    <line>
      <![CDATA[<a href="C:\Users\Deepak Kumar\Desktop\learnByBP\wrkspace\dkv-hybrid-framework.\test-output\screenshot\08-11-2017_14-08-50_testUpdateAddress.png"><img src="file:///C:\Users\Deepak Kumar\Desktop\learnByBP\wrkspace\dkv-hybrid-framework.\test-output\screenshot\08-11-2017_14-08-50_testUpdateAddress.png" alt="image not found" height='100' width='100'/></a></br>]]>
    </line>
  </reporter-output>
  <suite name="Suite" duration-ms="208916" started-at="2017-08-11T08:35:21Z" finished-at="2017-08-11T08:38:50Z">
    <groups>
    </groups>
    <test name="Regression" duration-ms="208916" started-at="2017-08-11T08:35:21Z" finished-at="2017-08-11T08:38:50Z">
      <class name="com.actiTime.testScripts.login.TestLoginFlow">
        <test-method status="PASS" signature="setUpReporting()[pri:0, instance:com.actiTime.testScripts.login.TestLoginFlow@ffaa6af]" name="setUpReporting" is-config="true" duration-ms="498" started-at="2017-08-11T14:05:21Z" finished-at="2017-08-11T14:05:21Z">
          <reporter-output>
          </reporter-output>
        </test-method> <!-- setUpReporting -->
        <test-method status="PASS" signature="setUpDriver()[pri:0, instance:com.actiTime.testScripts.login.TestLoginFlow@ffaa6af]" name="setUpDriver" is-config="true" duration-ms="61663" started-at="2017-08-11T14:05:21Z" finished-at="2017-08-11T14:06:23Z">
          <reporter-output>
          </reporter-output>
        </test-method> <!-- setUpDriver -->
        <test-method status="PASS" signature="setUpPages()[pri:0, instance:com.actiTime.testScripts.login.TestLoginFlow@ffaa6af]" name="setUpPages" is-config="true" duration-ms="445" started-at="2017-08-11T14:06:23Z" finished-at="2017-08-11T14:06:23Z">
          <reporter-output>
          </reporter-output>
        </test-method> <!-- setUpPages -->
        <test-method status="PASS" signature="testLogin()[pri:0, instance:com.actiTime.testScripts.login.TestLoginFlow@ffaa6af]" name="testLogin" duration-ms="7918" started-at="2017-08-11T14:06:24Z" finished-at="2017-08-11T14:06:31Z">
          <reporter-output>
          </reporter-output>
        </test-method> <!-- testLogin -->
        <test-method status="PASS" signature="testLogout()[pri:0, instance:com.actiTime.testScripts.login.TestLoginFlow@ffaa6af]" name="testLogout" duration-ms="4238" started-at="2017-08-11T14:06:31Z" finished-at="2017-08-11T14:06:36Z">
          <reporter-output>
          </reporter-output>
        </test-method> <!-- testLogout -->
        <test-method status="PASS" signature="tearDownDriver()[pri:0, instance:com.actiTime.testScripts.login.TestLoginFlow@ffaa6af]" name="tearDownDriver" is-config="true" duration-ms="523" started-at="2017-08-11T14:06:36Z" finished-at="2017-08-11T14:06:36Z">
          <reporter-output>
          </reporter-output>
        </test-method> <!-- tearDownDriver -->
        <test-method status="PASS" signature="closeReporting()[pri:0, instance:com.actiTime.testScripts.login.TestLoginFlow@ffaa6af]" name="closeReporting" is-config="true" duration-ms="5785" started-at="2017-08-11T14:08:51Z" finished-at="2017-08-11T14:08:57Z">
          <reporter-output>
          </reporter-output>
        </test-method> <!-- closeReporting -->
      </class> <!-- com.actiTime.testScripts.login.TestLoginFlow -->
      <class name="com.actiTime.testScripts.login.TestLoginWithParameterization">
        <test-method status="PASS" signature="setUpDriver()[pri:0, instance:com.actiTime.testScripts.login.TestLoginWithParameterization@316bcf94]" name="setUpDriver" is-config="true" duration-ms="25478" started-at="2017-08-11T14:07:02Z" finished-at="2017-08-11T14:07:28Z">
          <reporter-output>
          </reporter-output>
        </test-method> <!-- setUpDriver -->
        <test-method status="PASS" signature="setUpPages()[pri:0, instance:com.actiTime.testScripts.login.TestLoginWithParameterization@316bcf94]" name="setUpPages" is-config="true" duration-ms="1" started-at="2017-08-11T14:07:28Z" finished-at="2017-08-11T14:07:28Z">
          <reporter-output>
          </reporter-output>
        </test-method> <!-- setUpPages -->
        <test-method status="PASS" signature="testLoginWithParameterization(java.lang.String, java.lang.String, java.lang.String, java.lang.String)[pri:0, instance:com.actiTime.testScripts.login.TestLoginWithParameterization@316bcf94]" name="testLoginWithParameterization" duration-ms="6893" started-at="2017-08-11T14:07:28Z" data-provider="getData" finished-at="2017-08-11T14:07:35Z">
          <params>
            <param index="0">
              <value>
                <![CDATA[TC001]]>
              </value>
            </param>
            <param index="1">
              <value>
                <![CDATA[deepakbbd2011@gmail.com]]>
              </value>
            </param>
            <param index="2">
              <value>
                <![CDATA[434128034dde]]>
              </value>
            </param>
            <param index="3">
              <value>
                <![CDATA[Y]]>
              </value>
            </param>
          </params>
          <reporter-output>
          </reporter-output>
        </test-method> <!-- testLoginWithParameterization -->
        <test-method status="SKIP" signature="testLoginWithParameterization(java.lang.String, java.lang.String, java.lang.String, java.lang.String)[pri:0, instance:com.actiTime.testScripts.login.TestLoginWithParameterization@316bcf94]" name="testLoginWithParameterization" duration-ms="2" started-at="2017-08-11T14:07:35Z" data-provider="getData" finished-at="2017-08-11T14:07:35Z">
          <params>
            <param index="0">
              <value>
                <![CDATA[TC002]]>
              </value>
            </param>
            <param index="1">
              <value>
                <![CDATA[deepakbbd2011@gmail.com]]>
              </value>
            </param>
            <param index="2">
              <value>
                <![CDATA[434128034dde]]>
              </value>
            </param>
            <param index="3">
              <value>
                <![CDATA[N]]>
              </value>
            </param>
          </params>
          <exception class="org.testng.SkipException">
            <message>
              <![CDATA[Skipped Test case is]]>
            </message>
            <full-stacktrace>
              <![CDATA[org.testng.SkipException: Skipped Test case is
	at com.actiTime.testScripts.login.TestLoginWithParameterization.testLoginWithParameterization(TestLoginWithParameterization.java:44)
	at sun.reflect.NativeMethodAccessorImpl.invoke0(Native Method)
	at sun.reflect.NativeMethodAccessorImpl.invoke(Unknown Source)
	at sun.reflect.DelegatingMethodAccessorImpl.invoke(Unknown Source)
	at java.lang.reflect.Method.invoke(Unknown Source)
	at org.testng.internal.MethodInvocationHelper.invokeMethod(MethodInvocationHelper.java:108)
	at org.testng.internal.Invoker.invokeMethod(Invoker.java:661)
	at org.testng.internal.Invoker.invokeTestMethod(Invoker.java:869)
	at org.testng.internal.Invoker.invokeTestMethods(Invoker.java:1193)
	at org.testng.internal.TestMethodWorker.invokeTestMethods(TestMethodWorker.java:126)
	at org.testng.internal.TestMethodWorker.run(TestMethodWorker.java:109)
	at org.testng.TestRunner.privateRun(TestRunner.java:744)
	at org.testng.TestRunner.run(TestRunner.java:602)
	at org.testng.SuiteRunner.runTest(SuiteRunner.java:380)
	at org.testng.SuiteRunner.runSequentially(SuiteRunner.java:375)
	at org.testng.SuiteRunner.privateRun(SuiteRunner.java:340)
	at org.testng.SuiteRunner.run(SuiteRunner.java:289)
	at org.testng.SuiteRunnerWorker.runSuite(SuiteRunnerWorker.java:52)
	at org.testng.SuiteRunnerWorker.run(SuiteRunnerWorker.java:86)
	at org.testng.TestNG.runSuitesSequentially(TestNG.java:1301)
	at org.testng.TestNG.runSuitesLocally(TestNG.java:1226)
	at org.testng.TestNG.runSuites(TestNG.java:1144)
	at org.testng.TestNG.run(TestNG.java:1115)
	at org.testng.remote.AbstractRemoteTestNG.run(AbstractRemoteTestNG.java:132)
	at org.testng.remote.RemoteTestNG.initAndRun(RemoteTestNG.java:230)
	at org.testng.remote.RemoteTestNG.main(RemoteTestNG.java:76)
]]>
            </full-stacktrace>
          </exception> <!-- org.testng.SkipException -->
          <reporter-output>
          </reporter-output>
        </test-method> <!-- testLoginWithParameterization -->
        <test-method status="PASS" signature="testLoginWithParameterization(java.lang.String, java.lang.String, java.lang.String, java.lang.String)[pri:0, instance:com.actiTime.testScripts.login.TestLoginWithParameterization@316bcf94]" name="testLoginWithParameterization" duration-ms="6524" started-at="2017-08-11T14:07:35Z" data-provider="getData" finished-at="2017-08-11T14:07:42Z">
          <params>
            <param index="0">
              <value>
                <![CDATA[TC003]]>
              </value>
            </param>
            <param index="1">
              <value>
                <![CDATA[deepakbbd2011@gmail.com]]>
              </value>
            </param>
            <param index="2">
              <value>
                <![CDATA[434128034dde]]>
              </value>
            </param>
            <param index="3">
              <value>
                <![CDATA[Y]]>
              </value>
            </param>
          </params>
          <reporter-output>
          </reporter-output>
        </test-method> <!-- testLoginWithParameterization -->
        <test-method status="PASS" signature="tearDownDriver()[pri:0, instance:com.actiTime.testScripts.login.TestLoginWithParameterization@316bcf94]" name="tearDownDriver" is-config="true" duration-ms="434" started-at="2017-08-11T14:07:42Z" finished-at="2017-08-11T14:07:42Z">
          <reporter-output>
          </reporter-output>
        </test-method> <!-- tearDownDriver -->
      </class> <!-- com.actiTime.testScripts.login.TestLoginWithParameterization -->
      <class name="com.actiTime.testScripts.placingOrders.TestOrderHistory">
        <test-method status="PASS" signature="setUpDriver()[pri:0, instance:com.actiTime.testScripts.placingOrders.TestOrderHistory@6404f418]" name="setUpDriver" is-config="true" duration-ms="18383" started-at="2017-08-11T14:07:42Z" finished-at="2017-08-11T14:08:00Z">
          <reporter-output>
          </reporter-output>
        </test-method> <!-- setUpDriver -->
        <test-method status="PASS" signature="setUpPages()[pri:0, instance:com.actiTime.testScripts.placingOrders.TestOrderHistory@6404f418]" name="setUpPages" is-config="true" duration-ms="14" started-at="2017-08-11T14:08:00Z" finished-at="2017-08-11T14:08:00Z">
          <reporter-output>
          </reporter-output>
        </test-method> <!-- setUpPages -->
        <test-method status="PASS" signature="testOrderHistory()[pri:0, instance:com.actiTime.testScripts.placingOrders.TestOrderHistory@6404f418]" name="testOrderHistory" duration-ms="7740" started-at="2017-08-11T14:08:00Z" finished-at="2017-08-11T14:08:08Z">
          <reporter-output>
          </reporter-output>
        </test-method> <!-- testOrderHistory -->
        <test-method status="PASS" signature="tearDownDriver()[pri:0, instance:com.actiTime.testScripts.placingOrders.TestOrderHistory@6404f418]" name="tearDownDriver" is-config="true" duration-ms="125" started-at="2017-08-11T14:08:08Z" finished-at="2017-08-11T14:08:08Z">
          <reporter-output>
          </reporter-output>
        </test-method> <!-- tearDownDriver -->
      </class> <!-- com.actiTime.testScripts.placingOrders.TestOrderHistory -->
      <class name="com.actiTime.testScripts.placingOrders.TestUpdateMyAddresses">
        <test-method status="PASS" signature="setUpDriver()[pri:0, instance:com.actiTime.testScripts.placingOrders.TestUpdateMyAddresses@3e11f9e9]" name="setUpDriver" is-config="true" duration-ms="16529" started-at="2017-08-11T14:08:08Z" finished-at="2017-08-11T14:08:25Z">
          <reporter-output>
          </reporter-output>
        </test-method> <!-- setUpDriver -->
        <test-method status="PASS" signature="setUpPages()[pri:0, instance:com.actiTime.testScripts.placingOrders.TestUpdateMyAddresses@3e11f9e9]" name="setUpPages" is-config="true" duration-ms="2" started-at="2017-08-11T14:08:25Z" finished-at="2017-08-11T14:08:25Z">
          <reporter-output>
          </reporter-output>
        </test-method> <!-- setUpPages -->
        <test-method status="FAIL" signature="testUpdateAddress()[pri:0, instance:com.actiTime.testScripts.placingOrders.TestUpdateMyAddresses@3e11f9e9]" name="testUpdateAddress" duration-ms="24409" started-at="2017-08-11T14:08:25Z" finished-at="2017-08-11T14:08:49Z">
          <exception class="java.lang.AssertionError">
            <message>
              <![CDATA[expected [true] but found [false]]]>
            </message>
            <full-stacktrace>
              <![CDATA[java.lang.AssertionError: expected [true] but found [false]
	at org.testng.Assert.fail(Assert.java:93)
	at org.testng.Assert.failNotEquals(Assert.java:512)
	at org.testng.Assert.assertTrue(Assert.java:41)
	at org.testng.Assert.assertTrue(Assert.java:51)
	at com.actiTime.testScripts.placingOrders.TestUpdateMyAddresses.testUpdateAddress(TestUpdateMyAddresses.java:32)
	at sun.reflect.NativeMethodAccessorImpl.invoke0(Native Method)
	at sun.reflect.NativeMethodAccessorImpl.invoke(Unknown Source)
	at sun.reflect.DelegatingMethodAccessorImpl.invoke(Unknown Source)
	at java.lang.reflect.Method.invoke(Unknown Source)
	at org.testng.internal.MethodInvocationHelper.invokeMethod(MethodInvocationHelper.java:108)
	at org.testng.internal.Invoker.invokeMethod(Invoker.java:661)
	at org.testng.internal.Invoker.invokeTestMethod(Invoker.java:869)
	at org.testng.internal.Invoker.invokeTestMethods(Invoker.java:1193)
	at org.testng.internal.TestMethodWorker.invokeTestMethods(TestMethodWorker.java:126)
	at org.testng.internal.TestMethodWorker.run(TestMethodWorker.java:109)
	at org.testng.TestRunner.privateRun(TestRunner.java:744)
	at org.testng.TestRunner.run(TestRunner.java:602)
	at org.testng.SuiteRunner.runTest(SuiteRunner.java:380)
	at org.testng.SuiteRunner.runSequentially(SuiteRunner.java:375)
	at org.testng.SuiteRunner.privateRun(SuiteRunner.java:340)
	at org.testng.SuiteRunner.run(SuiteRunner.java:289)
	at org.testng.SuiteRunnerWorker.runSuite(SuiteRunnerWorker.java:52)
	at org.testng.SuiteRunnerWorker.run(SuiteRunnerWorker.java:86)
	at org.testng.TestNG.runSuitesSequentially(TestNG.java:1301)
	at org.testng.TestNG.runSuitesLocally(TestNG.java:1226)
	at org.testng.TestNG.runSuites(TestNG.java:1144)
	at org.testng.TestNG.run(TestNG.java:1115)
	at org.testng.remote.AbstractRemoteTestNG.run(AbstractRemoteTestNG.java:132)
	at org.testng.remote.RemoteTestNG.initAndRun(RemoteTestNG.java:230)
	at org.testng.remote.RemoteTestNG.main(RemoteTestNG.java:76)
]]>
            </full-stacktrace>
          </exception> <!-- java.lang.AssertionError -->
          <reporter-output>
            <line>
              <![CDATA[<a href="C:\Users\Deepak Kumar\Desktop\learnByBP\wrkspace\dkv-hybrid-framework.\test-output\screenshot\08-11-2017_14-08-50_testUpdateAddress.png"><img src="file:///C:\Users\Deepak Kumar\Desktop\learnByBP\wrkspace\dkv-hybrid-framework.\test-output\screenshot\08-11-2017_14-08-50_testUpdateAddress.png" alt="image not found" height='100' width='100'/></a></br>]]>
            </line>
          </reporter-output>
        </test-method> <!-- testUpdateAddress -->
        <test-method status="PASS" signature="tearDownDriver()[pri:0, instance:com.actiTime.testScripts.placingOrders.TestUpdateMyAddresses@3e11f9e9]" name="tearDownDriver" is-config="true" duration-ms="116" started-at="2017-08-11T14:08:50Z" finished-at="2017-08-11T14:08:50Z">
          <reporter-output>
          </reporter-output>
        </test-method> <!-- tearDownDriver -->
      </class> <!-- com.actiTime.testScripts.placingOrders.TestUpdateMyAddresses -->
      <class name="com.actiTime.testScripts.login.TestLoginwithInputFromPropertiesFile">
        <test-method status="PASS" signature="setUpDriver()[pri:0, instance:com.actiTime.testScripts.login.TestLoginwithInputFromPropertiesFile@53ce1329]" name="setUpDriver" is-config="true" duration-ms="18504" started-at="2017-08-11T14:06:36Z" finished-at="2017-08-11T14:06:55Z">
          <reporter-output>
          </reporter-output>
        </test-method> <!-- setUpDriver -->
        <test-method status="PASS" signature="setUpPages()[pri:0, instance:com.actiTime.testScripts.login.TestLoginwithInputFromPropertiesFile@53ce1329]" name="setUpPages" is-config="true" duration-ms="1" started-at="2017-08-11T14:06:55Z" finished-at="2017-08-11T14:06:55Z">
          <reporter-output>
          </reporter-output>
        </test-method> <!-- setUpPages -->
        <test-method status="PASS" signature="testLogin()[pri:0, instance:com.actiTime.testScripts.login.TestLoginwithInputFromPropertiesFile@53ce1329]" name="testLogin" duration-ms="3390" started-at="2017-08-11T14:06:55Z" finished-at="2017-08-11T14:06:58Z">
          <reporter-output>
          </reporter-output>
        </test-method> <!-- testLogin -->
        <test-method status="FAIL" signature="testLogout()[pri:0, instance:com.actiTime.testScripts.login.TestLoginwithInputFromPropertiesFile@53ce1329]" name="testLogout" duration-ms="2674" started-at="2017-08-11T14:06:58Z" finished-at="2017-08-11T14:07:01Z">
          <exception class="java.lang.AssertionError">
            <message>
              <![CDATA[expected [true] but found [false]]]>
            </message>
            <full-stacktrace>
              <![CDATA[java.lang.AssertionError: expected [true] but found [false]
	at org.testng.Assert.fail(Assert.java:93)
	at org.testng.Assert.failNotEquals(Assert.java:512)
	at org.testng.Assert.assertTrue(Assert.java:41)
	at org.testng.Assert.assertTrue(Assert.java:51)
	at com.actiTime.testScripts.login.TestLoginwithInputFromPropertiesFile.testLogout(TestLoginwithInputFromPropertiesFile.java:37)
	at sun.reflect.NativeMethodAccessorImpl.invoke0(Native Method)
	at sun.reflect.NativeMethodAccessorImpl.invoke(Unknown Source)
	at sun.reflect.DelegatingMethodAccessorImpl.invoke(Unknown Source)
	at java.lang.reflect.Method.invoke(Unknown Source)
	at org.testng.internal.MethodInvocationHelper.invokeMethod(MethodInvocationHelper.java:108)
	at org.testng.internal.Invoker.invokeMethod(Invoker.java:661)
	at org.testng.internal.Invoker.invokeTestMethod(Invoker.java:869)
	at org.testng.internal.Invoker.invokeTestMethods(Invoker.java:1193)
	at org.testng.internal.TestMethodWorker.invokeTestMethods(TestMethodWorker.java:126)
	at org.testng.internal.TestMethodWorker.run(TestMethodWorker.java:109)
	at org.testng.TestRunner.privateRun(TestRunner.java:744)
	at org.testng.TestRunner.run(TestRunner.java:602)
	at org.testng.SuiteRunner.runTest(SuiteRunner.java:380)
	at org.testng.SuiteRunner.runSequentially(SuiteRunner.java:375)
	at org.testng.SuiteRunner.privateRun(SuiteRunner.java:340)
	at org.testng.SuiteRunner.run(SuiteRunner.java:289)
	at org.testng.SuiteRunnerWorker.runSuite(SuiteRunnerWorker.java:52)
	at org.testng.SuiteRunnerWorker.run(SuiteRunnerWorker.java:86)
	at org.testng.TestNG.runSuitesSequentially(TestNG.java:1301)
	at org.testng.TestNG.runSuitesLocally(TestNG.java:1226)
	at org.testng.TestNG.runSuites(TestNG.java:1144)
	at org.testng.TestNG.run(TestNG.java:1115)
	at org.testng.remote.AbstractRemoteTestNG.run(AbstractRemoteTestNG.java:132)
	at org.testng.remote.RemoteTestNG.initAndRun(RemoteTestNG.java:230)
	at org.testng.remote.RemoteTestNG.main(RemoteTestNG.java:76)
]]>
            </full-stacktrace>
          </exception> <!-- java.lang.AssertionError -->
          <reporter-output>
            <line>
              <![CDATA[<a href="C:\Users\Deepak Kumar\Desktop\learnByBP\wrkspace\dkv-hybrid-framework.\test-output\screenshot\08-11-2017_14-07-02_testLogout.png"><img src="file:///C:\Users\Deepak Kumar\Desktop\learnByBP\wrkspace\dkv-hybrid-framework.\test-output\screenshot\08-11-2017_14-07-02_testLogout.png" alt="image not found" height='100' width='100'/></a></br>]]>
            </line>
          </reporter-output>
        </test-method> <!-- testLogout -->
        <test-method status="PASS" signature="tearDownDriver()[pri:0, instance:com.actiTime.testScripts.login.TestLoginwithInputFromPropertiesFile@53ce1329]" name="tearDownDriver" is-config="true" duration-ms="202" started-at="2017-08-11T14:07:02Z" finished-at="2017-08-11T14:07:02Z">
          <reporter-output>
          </reporter-output>
        </test-method> <!-- tearDownDriver -->
      </class> <!-- com.actiTime.testScripts.login.TestLoginwithInputFromPropertiesFile -->
    </test> <!-- Regression -->
  </suite> <!-- Suite -->
</testng-results>
